  [1m[36m (0.2ms)[0m  [1mDROP DATABASE IF EXISTS "dummy_test"[0m
  [1m[35m (1815.9ms)[0m  CREATE DATABASE "dummy_test" ENCODING = 'unicode'
  [1m[36m (114.9ms)[0m  [1mDROP DATABASE IF EXISTS "diabetic_toolbox_test"[0m
  [1m[35m (1458.6ms)[0m  CREATE DATABASE "diabetic_toolbox_test" ENCODING = 'unicode'
  [1m[36m (115.8ms)[0m  [1mDROP DATABASE IF EXISTS "diabetic_toolbox_test"[0m
  [1m[35m (1486.3ms)[0m  CREATE DATABASE "diabetic_toolbox_test" ENCODING = 'unicode'
  [1m[36m (119.4ms)[0m  [1mDROP DATABASE IF EXISTS "diabetic_toolbox_test"[0m
  [1m[35m (1440.0ms)[0m  CREATE DATABASE "diabetic_toolbox_test" ENCODING = 'unicode'
  [1m[36mSQL (0.4ms)[0m  [1mCREATE EXTENSION IF NOT EXISTS "plpgsql"[0m
  [1m[35m (25.4ms)[0m  CREATE TABLE "diabetic_toolbox_achievements" ("id" serial primary key, "member_id" integer, "name" character varying, "points" integer, "level" integer, "created_at" timestamp NOT NULL, "updated_at" timestamp NOT NULL) 
  [1m[36m (13.2ms)[0m  [1mCREATE  INDEX  "index_diabetic_toolbox_achievements_on_member_id" ON "diabetic_toolbox_achievements" USING btree ("member_id")[0m
  [1m[35m (20.1ms)[0m  CREATE TABLE "diabetic_toolbox_ingredients" ("id" serial primary key, "recipe_id" integer, "name" character varying, "volume" float, "unit" integer, "created_at" timestamp NOT NULL, "updated_at" timestamp NOT NULL) 
  [1m[36m (12.1ms)[0m  [1mCREATE  INDEX  "index_diabetic_toolbox_ingredients_on_recipe_id" ON "diabetic_toolbox_ingredients" USING btree ("recipe_id")[0m
  [1m[35m (19.8ms)[0m  CREATE TABLE "diabetic_toolbox_members" ("id" serial primary key, "first_name" character varying DEFAULT '' NOT NULL, "last_name" character varying DEFAULT '' NOT NULL, "username" character varying DEFAULT '' NOT NULL, "slug" character varying DEFAULT '' NOT NULL, "email" character varying DEFAULT '' NOT NULL, "encrypted_password" character varying DEFAULT '' NOT NULL, "encryption_salt" character varying DEFAULT '' NOT NULL, "session_token" character varying, "dob" date, "reset_password_token" character varying, "reset_password_sent_at" timestamp, "remembered_at" timestamp, "current_session_began_at" timestamp, "last_session_began_at" timestamp, "current_session_ip" character varying, "last_session_ip" character varying, "confirmation_token" character varying, "confirmed_at" timestamp, "confirmation_sent_at" timestamp, "unconfirmed_email" character varying, "failed_attempts" integer, "unlock_token" character varying, "last_locked_at" timestamp, "created_at" timestamp NOT NULL, "updated_at" timestamp NOT NULL) 
  [1m[36m (12.2ms)[0m  [1mCREATE UNIQUE INDEX  "index_diabetic_toolbox_members_on_confirmation_token" ON "diabetic_toolbox_members" USING btree ("confirmation_token")[0m
  [1m[35m (8.9ms)[0m  CREATE UNIQUE INDEX  "index_diabetic_toolbox_members_on_email" ON "diabetic_toolbox_members" USING btree ("email")
  [1m[36m (13.0ms)[0m  [1mCREATE UNIQUE INDEX  "index_diabetic_toolbox_members_on_reset_password_token" ON "diabetic_toolbox_members" USING btree ("reset_password_token")[0m
  [1m[35m (12.9ms)[0m  CREATE UNIQUE INDEX  "index_diabetic_toolbox_members_on_session_token" ON "diabetic_toolbox_members" USING btree ("session_token")
  [1m[36m (12.2ms)[0m  [1mCREATE UNIQUE INDEX  "index_diabetic_toolbox_members_on_slug" ON "diabetic_toolbox_members" USING btree ("slug")[0m
  [1m[35m (9.2ms)[0m  CREATE UNIQUE INDEX  "index_diabetic_toolbox_members_on_unlock_token" ON "diabetic_toolbox_members" USING btree ("unlock_token")
  [1m[36m (10.5ms)[0m  [1mCREATE TABLE "diabetic_toolbox_readings" ("id" serial primary key, "member_id" integer, "glucometer_value" float, "test_time" timestamp, "meal" integer, "intake" integer, "created_at" timestamp NOT NULL, "updated_at" timestamp NOT NULL) [0m
  [1m[35m (9.0ms)[0m  CREATE  INDEX  "index_diabetic_toolbox_readings_on_glucometer_value" ON "diabetic_toolbox_readings" USING btree ("glucometer_value")
  [1m[36m (9.0ms)[0m  [1mCREATE  INDEX  "index_diabetic_toolbox_readings_on_meal" ON "diabetic_toolbox_readings" USING btree ("meal")[0m
  [1m[35m (12.1ms)[0m  CREATE  INDEX  "index_diabetic_toolbox_readings_on_member_id" ON "diabetic_toolbox_readings" USING btree ("member_id")
  [1m[36m (16.7ms)[0m  [1mCREATE  INDEX  "index_diabetic_toolbox_readings_on_test_time" ON "diabetic_toolbox_readings" USING btree ("test_time")[0m
  [1m[35m (24.0ms)[0m  CREATE TABLE "diabetic_toolbox_recipes" ("id" serial primary key, "member_id" integer, "name" character varying, "servings" integer, "grams_carbohydrate_per_serving" integer, "calories_per_serving" integer, "grams_fat_per_serving" integer, "grams_protein_per_serving" integer, "created_at" timestamp NOT NULL, "updated_at" timestamp NOT NULL) 
  [1m[36m (12.3ms)[0m  [1mCREATE  INDEX  "index_diabetic_toolbox_recipes_on_member_id" ON "diabetic_toolbox_recipes" USING btree ("member_id")[0m
  [1m[35m (19.6ms)[0m  CREATE TABLE "diabetic_toolbox_report_configurations" ("id" serial primary key, "member_id" integer, "name" character varying, "period" integer, "from" date, "to" date, "created_at" timestamp NOT NULL, "updated_at" timestamp NOT NULL) 
  [1m[36m (15.4ms)[0m  [1mCREATE  INDEX  "index_diabetic_toolbox_report_configurations_on_member_id" ON "diabetic_toolbox_report_configurations" USING btree ("member_id")[0m
  [1m[35m (22.2ms)[0m  CREATE TABLE "diabetic_toolbox_reports" ("id" serial primary key, "member_id" integer, "name" character varying, "coverage_start" timestamp, "coverage_end" timestamp, "created_at" timestamp NOT NULL, "updated_at" timestamp NOT NULL, "report_document_file_name" character varying, "report_document_content_type" character varying, "report_document_file_size" integer, "report_document_updated_at" timestamp) 
  [1m[36m (12.2ms)[0m  [1mCREATE  INDEX  "index_diabetic_toolbox_reports_on_member_id" ON "diabetic_toolbox_reports" USING btree ("member_id")[0m
  [1m[35m (13.4ms)[0m  CREATE TABLE "diabetic_toolbox_settings" ("id" serial primary key, "member_id" integer, "intake_ratio" integer, "correction_base" float, "increments_by" integer, "ll_units_per_day" integer, "glucometer_measure_type" integer, "intake_measure_type" integer, "created_at" timestamp NOT NULL, "updated_at" timestamp NOT NULL) 
  [1m[36m (9.2ms)[0m  [1mCREATE  INDEX  "index_diabetic_toolbox_settings_on_glucometer_measure_type" ON "diabetic_toolbox_settings" USING btree ("glucometer_measure_type")[0m
  [1m[35m (16.7ms)[0m  CREATE  INDEX  "index_diabetic_toolbox_settings_on_intake_measure_type" ON "diabetic_toolbox_settings" USING btree ("intake_measure_type")
  [1m[36m (12.8ms)[0m  [1mCREATE  INDEX  "index_diabetic_toolbox_settings_on_member_id" ON "diabetic_toolbox_settings" USING btree ("member_id")[0m
  [1m[35m (18.8ms)[0m  CREATE TABLE "diabetic_toolbox_steps" ("id" serial primary key, "recipe_id" integer, "description" character varying, "order" integer, "created_at" timestamp NOT NULL, "updated_at" timestamp NOT NULL) 
  [1m[36m (9.0ms)[0m  [1mCREATE  INDEX  "index_diabetic_toolbox_steps_on_recipe_id" ON "diabetic_toolbox_steps" USING btree ("recipe_id")[0m
  [1m[35m (16.5ms)[0m  CREATE TABLE "diabetic_toolbox_votes" ("id" serial primary key, "vote" boolean DEFAULT 'f' NOT NULL, "voteable_id" integer NOT NULL, "voteable_type" character varying NOT NULL, "voter_id" integer, "voter_type" character varying, "created_at" timestamp, "updated_at" timestamp) 
  [1m[36m (12.7ms)[0m  [1mCREATE  INDEX  "index_diabetic_toolbox_votes_on_voteable_id_and_voteable_type" ON "diabetic_toolbox_votes" USING btree ("voteable_id", "voteable_type")[0m
  [1m[35m (12.6ms)[0m  CREATE UNIQUE INDEX  "fk_one_vote_per_member" ON "diabetic_toolbox_votes" USING btree ("voter_id", "voter_type", "voteable_id", "voteable_type")
  [1m[36m (8.8ms)[0m  [1mCREATE  INDEX  "index_diabetic_toolbox_votes_on_voter_id_and_voter_type" ON "diabetic_toolbox_votes" USING btree ("voter_id", "voter_type")[0m
  [1m[35m (18.6ms)[0m  CREATE TABLE "friendly_id_slugs" ("id" serial primary key, "slug" character varying NOT NULL, "sluggable_id" integer NOT NULL, "sluggable_type" character varying(50), "scope" character varying, "created_at" timestamp) 
  [1m[36m (9.0ms)[0m  [1mCREATE UNIQUE INDEX  "index_friendly_id_slugs_on_slug_and_sluggable_type_and_scope" ON "friendly_id_slugs" USING btree ("slug", "sluggable_type", "scope")[0m
  [1m[35m (12.0ms)[0m  CREATE  INDEX  "index_friendly_id_slugs_on_slug_and_sluggable_type" ON "friendly_id_slugs" USING btree ("slug", "sluggable_type")
  [1m[36m (13.1ms)[0m  [1mCREATE  INDEX  "index_friendly_id_slugs_on_sluggable_id" ON "friendly_id_slugs" USING btree ("sluggable_id")[0m
  [1m[35m (12.7ms)[0m  CREATE  INDEX  "index_friendly_id_slugs_on_sluggable_type" ON "friendly_id_slugs" USING btree ("sluggable_type")
  [1m[36m (17.1ms)[0m  [1mCREATE TABLE "schema_migrations" ("version" character varying NOT NULL) [0m
  [1m[35m (12.1ms)[0m  CREATE UNIQUE INDEX  "unique_schema_migrations" ON "schema_migrations"  ("version")
  [1m[36m (0.5ms)[0m  [1mSELECT version FROM "schema_migrations"[0m
  [1m[35m (4.3ms)[0m  INSERT INTO "schema_migrations" (version) VALUES ('20150809050232')
  [1m[36m (4.2ms)[0m  [1mINSERT INTO "schema_migrations" (version) VALUES ('20150731195612')[0m
  [1m[35m (4.5ms)[0m  INSERT INTO "schema_migrations" (version) VALUES ('20150731201254')
  [1m[36m (4.1ms)[0m  [1mINSERT INTO "schema_migrations" (version) VALUES ('20150731202222')[0m
  [1m[35m (4.1ms)[0m  INSERT INTO "schema_migrations" (version) VALUES ('20150731204046')
  [1m[36m (4.0ms)[0m  [1mINSERT INTO "schema_migrations" (version) VALUES ('20150731204332')[0m
  [1m[35m (4.1ms)[0m  INSERT INTO "schema_migrations" (version) VALUES ('20150731204715')
  [1m[36m (4.3ms)[0m  [1mINSERT INTO "schema_migrations" (version) VALUES ('20150731205326')[0m
  [1m[35m (7.6ms)[0m  INSERT INTO "schema_migrations" (version) VALUES ('20150731205651')
  [1m[36m (4.2ms)[0m  [1mINSERT INTO "schema_migrations" (version) VALUES ('20150731195249')[0m
  [1m[35m (8.4ms)[0m  INSERT INTO "schema_migrations" (version) VALUES ('20150807054923')
  [1m[36m (8.5ms)[0m  [1mINSERT INTO "schema_migrations" (version) VALUES ('20150807211457')[0m
  [1m[36m (118.0ms)[0m  [1mDROP DATABASE IF EXISTS "diabetic_toolbox_test"[0m
  [1m[35m (1632.4ms)[0m  CREATE DATABASE "diabetic_toolbox_test" ENCODING = 'unicode'
  [1m[36mSQL (0.4ms)[0m  [1mCREATE EXTENSION IF NOT EXISTS "plpgsql"[0m
  [1m[35m (18.8ms)[0m  CREATE TABLE "diabetic_toolbox_achievements" ("id" serial primary key, "member_id" integer, "name" character varying, "points" integer, "level" integer, "created_at" timestamp NOT NULL, "updated_at" timestamp NOT NULL) 
  [1m[36m (10.9ms)[0m  [1mCREATE  INDEX  "index_diabetic_toolbox_achievements_on_member_id" ON "diabetic_toolbox_achievements" USING btree ("member_id")[0m
  [1m[35m (19.7ms)[0m  CREATE TABLE "diabetic_toolbox_ingredients" ("id" serial primary key, "recipe_id" integer, "name" character varying, "volume" float, "unit" integer, "created_at" timestamp NOT NULL, "updated_at" timestamp NOT NULL) 
  [1m[36m (18.8ms)[0m  [1mCREATE  INDEX  "index_diabetic_toolbox_ingredients_on_recipe_id" ON "diabetic_toolbox_ingredients" USING btree ("recipe_id")[0m
  [1m[35m (24.2ms)[0m  CREATE TABLE "diabetic_toolbox_members" ("id" serial primary key, "first_name" character varying DEFAULT '' NOT NULL, "last_name" character varying DEFAULT '' NOT NULL, "username" character varying DEFAULT '' NOT NULL, "slug" character varying DEFAULT '' NOT NULL, "email" character varying DEFAULT '' NOT NULL, "encrypted_password" character varying DEFAULT '' NOT NULL, "encryption_salt" character varying DEFAULT '' NOT NULL, "session_token" character varying, "dob" date, "reset_password_token" character varying, "reset_password_sent_at" timestamp, "remembered_at" timestamp, "current_session_began_at" timestamp, "last_session_began_at" timestamp, "current_session_ip" character varying, "last_session_ip" character varying, "confirmation_token" character varying, "confirmed_at" timestamp, "confirmation_sent_at" timestamp, "unconfirmed_email" character varying, "failed_attempts" integer, "unlock_token" character varying, "last_locked_at" timestamp, "created_at" timestamp NOT NULL, "updated_at" timestamp NOT NULL) 
  [1m[36m (13.4ms)[0m  [1mCREATE UNIQUE INDEX  "index_diabetic_toolbox_members_on_confirmation_token" ON "diabetic_toolbox_members" USING btree ("confirmation_token")[0m
  [1m[35m (12.2ms)[0m  CREATE UNIQUE INDEX  "index_diabetic_toolbox_members_on_email" ON "diabetic_toolbox_members" USING btree ("email")
  [1m[36m (8.9ms)[0m  [1mCREATE UNIQUE INDEX  "index_diabetic_toolbox_members_on_reset_password_token" ON "diabetic_toolbox_members" USING btree ("reset_password_token")[0m
  [1m[35m (8.5ms)[0m  CREATE UNIQUE INDEX  "index_diabetic_toolbox_members_on_session_token" ON "diabetic_toolbox_members" USING btree ("session_token")
  [1m[36m (8.5ms)[0m  [1mCREATE UNIQUE INDEX  "index_diabetic_toolbox_members_on_slug" ON "diabetic_toolbox_members" USING btree ("slug")[0m
  [1m[35m (11.8ms)[0m  CREATE UNIQUE INDEX  "index_diabetic_toolbox_members_on_unlock_token" ON "diabetic_toolbox_members" USING btree ("unlock_token")
  [1m[36m (18.3ms)[0m  [1mCREATE TABLE "diabetic_toolbox_readings" ("id" serial primary key, "member_id" integer, "glucometer_value" float, "test_time" timestamp, "meal" integer, "intake" integer, "created_at" timestamp NOT NULL, "updated_at" timestamp NOT NULL) [0m
  [1m[35m (12.1ms)[0m  CREATE  INDEX  "index_diabetic_toolbox_readings_on_glucometer_value" ON "diabetic_toolbox_readings" USING btree ("glucometer_value")
  [1m[36m (12.5ms)[0m  [1mCREATE  INDEX  "index_diabetic_toolbox_readings_on_meal" ON "diabetic_toolbox_readings" USING btree ("meal")[0m
  [1m[35m (12.7ms)[0m  CREATE  INDEX  "index_diabetic_toolbox_readings_on_member_id" ON "diabetic_toolbox_readings" USING btree ("member_id")
  [1m[36m (16.1ms)[0m  [1mCREATE  INDEX  "index_diabetic_toolbox_readings_on_test_time" ON "diabetic_toolbox_readings" USING btree ("test_time")[0m
  [1m[35m (18.6ms)[0m  CREATE TABLE "diabetic_toolbox_recipes" ("id" serial primary key, "member_id" integer, "name" character varying, "servings" integer, "grams_carbohydrate_per_serving" integer, "calories_per_serving" integer, "grams_fat_per_serving" integer, "grams_protein_per_serving" integer, "created_at" timestamp NOT NULL, "updated_at" timestamp NOT NULL) 
  [1m[36m (8.8ms)[0m  [1mCREATE  INDEX  "index_diabetic_toolbox_recipes_on_member_id" ON "diabetic_toolbox_recipes" USING btree ("member_id")[0m
  [1m[35m (22.9ms)[0m  CREATE TABLE "diabetic_toolbox_report_configurations" ("id" serial primary key, "member_id" integer, "name" character varying, "period" integer, "from" date, "to" date, "created_at" timestamp NOT NULL, "updated_at" timestamp NOT NULL) 
  [1m[36m (16.7ms)[0m  [1mCREATE  INDEX  "index_diabetic_toolbox_report_configurations_on_member_id" ON "diabetic_toolbox_report_configurations" USING btree ("member_id")[0m
  [1m[35m (15.5ms)[0m  CREATE TABLE "diabetic_toolbox_reports" ("id" serial primary key, "member_id" integer, "name" character varying, "coverage_start" timestamp, "coverage_end" timestamp, "created_at" timestamp NOT NULL, "updated_at" timestamp NOT NULL, "report_document_file_name" character varying, "report_document_content_type" character varying, "report_document_file_size" integer, "report_document_updated_at" timestamp) 
  [1m[36m (8.9ms)[0m  [1mCREATE  INDEX  "index_diabetic_toolbox_reports_on_member_id" ON "diabetic_toolbox_reports" USING btree ("member_id")[0m
  [1m[35m (14.6ms)[0m  CREATE TABLE "diabetic_toolbox_settings" ("id" serial primary key, "member_id" integer, "intake_ratio" integer, "correction_base" float, "increments_by" integer, "ll_units_per_day" integer, "glucometer_measure_type" integer, "intake_measure_type" integer, "created_at" timestamp NOT NULL, "updated_at" timestamp NOT NULL) 
  [1m[36m (9.5ms)[0m  [1mCREATE  INDEX  "index_diabetic_toolbox_settings_on_glucometer_measure_type" ON "diabetic_toolbox_settings" USING btree ("glucometer_measure_type")[0m
  [1m[35m (12.4ms)[0m  CREATE  INDEX  "index_diabetic_toolbox_settings_on_intake_measure_type" ON "diabetic_toolbox_settings" USING btree ("intake_measure_type")
  [1m[36m (12.3ms)[0m  [1mCREATE  INDEX  "index_diabetic_toolbox_settings_on_member_id" ON "diabetic_toolbox_settings" USING btree ("member_id")[0m
  [1m[35m (20.1ms)[0m  CREATE TABLE "diabetic_toolbox_steps" ("id" serial primary key, "recipe_id" integer, "description" character varying, "order" integer, "created_at" timestamp NOT NULL, "updated_at" timestamp NOT NULL) 
  [1m[36m (8.6ms)[0m  [1mCREATE  INDEX  "index_diabetic_toolbox_steps_on_recipe_id" ON "diabetic_toolbox_steps" USING btree ("recipe_id")[0m
  [1m[35m (23.7ms)[0m  CREATE TABLE "diabetic_toolbox_votes" ("id" serial primary key, "vote" boolean DEFAULT 'f' NOT NULL, "voteable_id" integer NOT NULL, "voteable_type" character varying NOT NULL, "voter_id" integer, "voter_type" character varying, "created_at" timestamp, "updated_at" timestamp) 
  [1m[36m (16.4ms)[0m  [1mCREATE  INDEX  "index_diabetic_toolbox_votes_on_voteable_id_and_voteable_type" ON "diabetic_toolbox_votes" USING btree ("voteable_id", "voteable_type")[0m
  [1m[35m (9.2ms)[0m  CREATE UNIQUE INDEX  "fk_one_vote_per_member" ON "diabetic_toolbox_votes" USING btree ("voter_id", "voter_type", "voteable_id", "voteable_type")
  [1m[36m (17.0ms)[0m  [1mCREATE  INDEX  "index_diabetic_toolbox_votes_on_voter_id_and_voter_type" ON "diabetic_toolbox_votes" USING btree ("voter_id", "voter_type")[0m
  [1m[35m (19.7ms)[0m  CREATE TABLE "friendly_id_slugs" ("id" serial primary key, "slug" character varying NOT NULL, "sluggable_id" integer NOT NULL, "sluggable_type" character varying(50), "scope" character varying, "created_at" timestamp) 
  [1m[36m (9.4ms)[0m  [1mCREATE UNIQUE INDEX  "index_friendly_id_slugs_on_slug_and_sluggable_type_and_scope" ON "friendly_id_slugs" USING btree ("slug", "sluggable_type", "scope")[0m
  [1m[35m (9.3ms)[0m  CREATE  INDEX  "index_friendly_id_slugs_on_slug_and_sluggable_type" ON "friendly_id_slugs" USING btree ("slug", "sluggable_type")
  [1m[36m (8.8ms)[0m  [1mCREATE  INDEX  "index_friendly_id_slugs_on_sluggable_id" ON "friendly_id_slugs" USING btree ("sluggable_id")[0m
  [1m[35m (12.2ms)[0m  CREATE  INDEX  "index_friendly_id_slugs_on_sluggable_type" ON "friendly_id_slugs" USING btree ("sluggable_type")
  [1m[36m (10.0ms)[0m  [1mCREATE TABLE "schema_migrations" ("version" character varying NOT NULL) [0m
  [1m[35m (9.1ms)[0m  CREATE UNIQUE INDEX  "unique_schema_migrations" ON "schema_migrations"  ("version")
  [1m[36m (0.4ms)[0m  [1mSELECT version FROM "schema_migrations"[0m
  [1m[35m (4.2ms)[0m  INSERT INTO "schema_migrations" (version) VALUES ('20150809050232')
  [1m[36m (4.2ms)[0m  [1mINSERT INTO "schema_migrations" (version) VALUES ('20150731195612')[0m
  [1m[35m (4.1ms)[0m  INSERT INTO "schema_migrations" (version) VALUES ('20150731201254')
  [1m[36m (7.3ms)[0m  [1mINSERT INTO "schema_migrations" (version) VALUES ('20150731202222')[0m
  [1m[35m (4.0ms)[0m  INSERT INTO "schema_migrations" (version) VALUES ('20150731204046')
  [1m[36m (4.3ms)[0m  [1mINSERT INTO "schema_migrations" (version) VALUES ('20150731204332')[0m
  [1m[35m (4.1ms)[0m  INSERT INTO "schema_migrations" (version) VALUES ('20150731204715')
  [1m[36m (12.5ms)[0m  [1mINSERT INTO "schema_migrations" (version) VALUES ('20150731205326')[0m
  [1m[35m (4.6ms)[0m  INSERT INTO "schema_migrations" (version) VALUES ('20150731205651')
  [1m[36m (4.3ms)[0m  [1mINSERT INTO "schema_migrations" (version) VALUES ('20150731195249')[0m
  [1m[35m (8.3ms)[0m  INSERT INTO "schema_migrations" (version) VALUES ('20150807054923')
  [1m[36m (4.2ms)[0m  [1mINSERT INTO "schema_migrations" (version) VALUES ('20150807211457')[0m
  [1m[36m (117.9ms)[0m  [1mDROP DATABASE IF EXISTS "diabetic_toolbox_test"[0m
  [1m[35m (1737.1ms)[0m  CREATE DATABASE "diabetic_toolbox_test" ENCODING = 'unicode'
  [1m[36mSQL (0.3ms)[0m  [1mCREATE EXTENSION IF NOT EXISTS "plpgsql"[0m
  [1m[35m (30.8ms)[0m  CREATE TABLE "diabetic_toolbox_achievements" ("id" serial primary key, "member_id" integer, "name" character varying, "points" integer, "level" integer, "created_at" timestamp NOT NULL, "updated_at" timestamp NOT NULL) 
  [1m[36m (19.3ms)[0m  [1mCREATE  INDEX  "index_diabetic_toolbox_achievements_on_member_id" ON "diabetic_toolbox_achievements" USING btree ("member_id")[0m
  [1m[35m (29.1ms)[0m  CREATE TABLE "diabetic_toolbox_ingredients" ("id" serial primary key, "recipe_id" integer, "name" character varying, "volume" float, "unit" integer, "created_at" timestamp NOT NULL, "updated_at" timestamp NOT NULL) 
  [1m[36m (17.6ms)[0m  [1mCREATE  INDEX  "index_diabetic_toolbox_ingredients_on_recipe_id" ON "diabetic_toolbox_ingredients" USING btree ("recipe_id")[0m
  [1m[35m (30.0ms)[0m  CREATE TABLE "diabetic_toolbox_members" ("id" serial primary key, "first_name" character varying DEFAULT '' NOT NULL, "last_name" character varying DEFAULT '' NOT NULL, "username" character varying DEFAULT '' NOT NULL, "slug" character varying DEFAULT '' NOT NULL, "email" character varying DEFAULT '' NOT NULL, "encrypted_password" character varying DEFAULT '' NOT NULL, "encryption_salt" character varying DEFAULT '' NOT NULL, "session_token" character varying, "dob" date, "reset_password_token" character varying, "reset_password_sent_at" timestamp, "remembered_at" timestamp, "current_session_began_at" timestamp, "last_session_began_at" timestamp, "current_session_ip" character varying, "last_session_ip" character varying, "confirmation_token" character varying, "confirmed_at" timestamp, "confirmation_sent_at" timestamp, "unconfirmed_email" character varying, "failed_attempts" integer, "unlock_token" character varying, "last_locked_at" timestamp, "created_at" timestamp NOT NULL, "updated_at" timestamp NOT NULL) 
  [1m[36m (17.5ms)[0m  [1mCREATE UNIQUE INDEX  "index_diabetic_toolbox_members_on_confirmation_token" ON "diabetic_toolbox_members" USING btree ("confirmation_token")[0m
  [1m[35m (14.9ms)[0m  CREATE UNIQUE INDEX  "index_diabetic_toolbox_members_on_email" ON "diabetic_toolbox_members" USING btree ("email")
  [1m[36m (13.0ms)[0m  [1mCREATE UNIQUE INDEX  "index_diabetic_toolbox_members_on_reset_password_token" ON "diabetic_toolbox_members" USING btree ("reset_password_token")[0m
  [1m[35m (14.6ms)[0m  CREATE UNIQUE INDEX  "index_diabetic_toolbox_members_on_session_token" ON "diabetic_toolbox_members" USING btree ("session_token")
  [1m[36m (13.6ms)[0m  [1mCREATE UNIQUE INDEX  "index_diabetic_toolbox_members_on_slug" ON "diabetic_toolbox_members" USING btree ("slug")[0m
  [1m[35m (16.1ms)[0m  CREATE UNIQUE INDEX  "index_diabetic_toolbox_members_on_unlock_token" ON "diabetic_toolbox_members" USING btree ("unlock_token")
  [1m[36m (18.6ms)[0m  [1mCREATE TABLE "diabetic_toolbox_readings" ("id" serial primary key, "member_id" integer, "glucometer_value" float, "test_time" timestamp, "meal" integer, "intake" integer, "created_at" timestamp NOT NULL, "updated_at" timestamp NOT NULL) [0m
  [1m[35m (15.2ms)[0m  CREATE  INDEX  "index_diabetic_toolbox_readings_on_glucometer_value" ON "diabetic_toolbox_readings" USING btree ("glucometer_value")
  [1m[36m (13.8ms)[0m  [1mCREATE  INDEX  "index_diabetic_toolbox_readings_on_meal" ON "diabetic_toolbox_readings" USING btree ("meal")[0m
  [1m[35m (13.3ms)[0m  CREATE  INDEX  "index_diabetic_toolbox_readings_on_member_id" ON "diabetic_toolbox_readings" USING btree ("member_id")
  [1m[36m (14.1ms)[0m  [1mCREATE  INDEX  "index_diabetic_toolbox_readings_on_test_time" ON "diabetic_toolbox_readings" USING btree ("test_time")[0m
  [1m[35m (23.7ms)[0m  CREATE TABLE "diabetic_toolbox_recipes" ("id" serial primary key, "member_id" integer, "name" character varying, "servings" integer, "grams_carbohydrate_per_serving" integer, "calories_per_serving" integer, "grams_fat_per_serving" integer, "grams_protein_per_serving" integer, "created_at" timestamp NOT NULL, "updated_at" timestamp NOT NULL) 
  [1m[36m (19.3ms)[0m  [1mCREATE  INDEX  "index_diabetic_toolbox_recipes_on_member_id" ON "diabetic_toolbox_recipes" USING btree ("member_id")[0m
  [1m[35m (29.7ms)[0m  CREATE TABLE "diabetic_toolbox_report_configurations" ("id" serial primary key, "member_id" integer, "name" character varying, "period" integer, "from" date, "to" date, "created_at" timestamp NOT NULL, "updated_at" timestamp NOT NULL) 
  [1m[36m (11.6ms)[0m  [1mCREATE  INDEX  "index_diabetic_toolbox_report_configurations_on_member_id" ON "diabetic_toolbox_report_configurations" USING btree ("member_id")[0m
  [1m[35m (27.8ms)[0m  CREATE TABLE "diabetic_toolbox_reports" ("id" serial primary key, "member_id" integer, "name" character varying, "coverage_start" timestamp, "coverage_end" timestamp, "created_at" timestamp NOT NULL, "updated_at" timestamp NOT NULL, "report_document_file_name" character varying, "report_document_content_type" character varying, "report_document_file_size" integer, "report_document_updated_at" timestamp) 
  [1m[36m (15.8ms)[0m  [1mCREATE  INDEX  "index_diabetic_toolbox_reports_on_member_id" ON "diabetic_toolbox_reports" USING btree ("member_id")[0m
  [1m[35m (23.3ms)[0m  CREATE TABLE "diabetic_toolbox_settings" ("id" serial primary key, "member_id" integer, "intake_ratio" integer, "correction_base" float, "increments_by" integer, "ll_units_per_day" integer, "glucometer_measure_type" integer, "intake_measure_type" integer, "created_at" timestamp NOT NULL, "updated_at" timestamp NOT NULL) 
  [1m[36m (14.7ms)[0m  [1mCREATE  INDEX  "index_diabetic_toolbox_settings_on_glucometer_measure_type" ON "diabetic_toolbox_settings" USING btree ("glucometer_measure_type")[0m
  [1m[35m (17.5ms)[0m  CREATE  INDEX  "index_diabetic_toolbox_settings_on_intake_measure_type" ON "diabetic_toolbox_settings" USING btree ("intake_measure_type")
  [1m[36m (12.0ms)[0m  [1mCREATE  INDEX  "index_diabetic_toolbox_settings_on_member_id" ON "diabetic_toolbox_settings" USING btree ("member_id")[0m
  [1m[35m (24.5ms)[0m  CREATE TABLE "diabetic_toolbox_steps" ("id" serial primary key, "recipe_id" integer, "description" character varying, "order" integer, "created_at" timestamp NOT NULL, "updated_at" timestamp NOT NULL) 
  [1m[36m (19.7ms)[0m  [1mCREATE  INDEX  "index_diabetic_toolbox_steps_on_recipe_id" ON "diabetic_toolbox_steps" USING btree ("recipe_id")[0m
  [1m[35m (24.4ms)[0m  CREATE TABLE "diabetic_toolbox_votes" ("id" serial primary key, "vote" boolean DEFAULT 'f' NOT NULL, "voteable_id" integer NOT NULL, "voteable_type" character varying NOT NULL, "voter_id" integer, "voter_type" character varying, "created_at" timestamp, "updated_at" timestamp) 
  [1m[36m (18.1ms)[0m  [1mCREATE  INDEX  "index_diabetic_toolbox_votes_on_voteable_id_and_voteable_type" ON "diabetic_toolbox_votes" USING btree ("voteable_id", "voteable_type")[0m
  [1m[35m (16.4ms)[0m  CREATE UNIQUE INDEX  "fk_one_vote_per_member" ON "diabetic_toolbox_votes" USING btree ("voter_id", "voter_type", "voteable_id", "voteable_type")
  [1m[36m (17.1ms)[0m  [1mCREATE  INDEX  "index_diabetic_toolbox_votes_on_voter_id_and_voter_type" ON "diabetic_toolbox_votes" USING btree ("voter_id", "voter_type")[0m
  [1m[35m (30.0ms)[0m  CREATE TABLE "friendly_id_slugs" ("id" serial primary key, "slug" character varying NOT NULL, "sluggable_id" integer NOT NULL, "sluggable_type" character varying(50), "scope" character varying, "created_at" timestamp) 
  [1m[36m (13.3ms)[0m  [1mCREATE UNIQUE INDEX  "index_friendly_id_slugs_on_slug_and_sluggable_type_and_scope" ON "friendly_id_slugs" USING btree ("slug", "sluggable_type", "scope")[0m
  [1m[35m (11.4ms)[0m  CREATE  INDEX  "index_friendly_id_slugs_on_slug_and_sluggable_type" ON "friendly_id_slugs" USING btree ("slug", "sluggable_type")
  [1m[36m (14.8ms)[0m  [1mCREATE  INDEX  "index_friendly_id_slugs_on_sluggable_id" ON "friendly_id_slugs" USING btree ("sluggable_id")[0m
  [1m[35m (14.9ms)[0m  CREATE  INDEX  "index_friendly_id_slugs_on_sluggable_type" ON "friendly_id_slugs" USING btree ("sluggable_type")
  [1m[36m (18.4ms)[0m  [1mCREATE TABLE "schema_migrations" ("version" character varying NOT NULL) [0m
  [1m[35m (11.8ms)[0m  CREATE UNIQUE INDEX  "unique_schema_migrations" ON "schema_migrations"  ("version")
  [1m[36m (0.5ms)[0m  [1mSELECT version FROM "schema_migrations"[0m
  [1m[35m (8.9ms)[0m  INSERT INTO "schema_migrations" (version) VALUES ('20150809050232')
  [1m[36m (8.5ms)[0m  [1mINSERT INTO "schema_migrations" (version) VALUES ('20150731195612')[0m
  [1m[35m (8.1ms)[0m  INSERT INTO "schema_migrations" (version) VALUES ('20150731201254')
  [1m[36m (8.7ms)[0m  [1mINSERT INTO "schema_migrations" (version) VALUES ('20150731202222')[0m
  [1m[35m (10.0ms)[0m  INSERT INTO "schema_migrations" (version) VALUES ('20150731204046')
  [1m[36m (9.4ms)[0m  [1mINSERT INTO "schema_migrations" (version) VALUES ('20150731204332')[0m
  [1m[35m (9.2ms)[0m  INSERT INTO "schema_migrations" (version) VALUES ('20150731204715')
  [1m[36m (9.6ms)[0m  [1mINSERT INTO "schema_migrations" (version) VALUES ('20150731205326')[0m
  [1m[35m (6.8ms)[0m  INSERT INTO "schema_migrations" (version) VALUES ('20150731205651')
  [1m[36m (5.6ms)[0m  [1mINSERT INTO "schema_migrations" (version) VALUES ('20150731195249')[0m
  [1m[35m (9.0ms)[0m  INSERT INTO "schema_migrations" (version) VALUES ('20150807054923')
  [1m[36m (9.3ms)[0m  [1mINSERT INTO "schema_migrations" (version) VALUES ('20150807211457')[0m
